This is pdfTeX, Version 3.141592653-2.6-1.40.24 (TeX Live 2022) (preloaded format=pdflatex 2022.8.14)  15 SEP 2022 16:04
entering extended mode
 restricted \write18 enabled.
 %&-line parsing enabled.
**Data_Visualization_Notes.tex
(./Data_Visualization_Notes.tex
LaTeX2e <2021-11-15> patch level 1
L3 programming layer <2022-02-24>
(c:/texlive/2022/texmf-dist/tex/latex/base/article.cls
Document Class: article 2021/10/04 v1.4n Standard LaTeX document class
(c:/texlive/2022/texmf-dist/tex/latex/base/size10.clo
File: size10.clo 2021/10/04 v1.4n Standard LaTeX file (size option)
)
\c@part=\count185
\c@section=\count186
\c@subsection=\count187
\c@subsubsection=\count188
\c@paragraph=\count189
\c@subparagraph=\count190
\c@figure=\count191
\c@table=\count192
\abovecaptionskip=\skip47
\belowcaptionskip=\skip48
\bibindent=\dimen138
)
(c:/texlive/2022/texmf-dist/tex/latex/listings/listings.sty
(c:/texlive/2022/texmf-dist/tex/latex/graphics/keyval.sty
Package: keyval 2014/10/28 v1.15 key=value parser (DPC)
\KV@toks@=\toks16
)
\lst@mode=\count193
\lst@gtempboxa=\box50
\lst@token=\toks17
\lst@length=\count194
\lst@currlwidth=\dimen139
\lst@column=\count195
\lst@pos=\count196
\lst@lostspace=\dimen140
\lst@width=\dimen141
\lst@newlines=\count197
\lst@lineno=\count198
\lst@maxwidth=\dimen142

(c:/texlive/2022/texmf-dist/tex/latex/listings/lstmisc.sty
File: lstmisc.sty 2020/03/24 1.8d (Carsten Heinz)
\c@lstnumber=\count199
\lst@skipnumbers=\count266
\lst@framebox=\box51
)
(c:/texlive/2022/texmf-dist/tex/latex/listings/listings.cfg
File: listings.cfg 2020/03/24 1.8d listings configuration
))
Package: listings 2020/03/24 1.8d (Carsten Heinz)

(c:/texlive/2022/texmf-dist/tex/latex/hyperref/hyperref.sty
Package: hyperref 2022-02-21 v7.00n Hypertext links for LaTeX

(c:/texlive/2022/texmf-dist/tex/generic/ltxcmds/ltxcmds.sty
Package: ltxcmds 2020-05-10 v1.25 LaTeX kernel commands for general use (HO)
)
(c:/texlive/2022/texmf-dist/tex/generic/iftex/iftex.sty
Package: iftex 2022/02/03 v1.0f TeX engine tests
)
(c:/texlive/2022/texmf-dist/tex/generic/pdftexcmds/pdftexcmds.sty
Package: pdftexcmds 2020-06-27 v0.33 Utility functions of pdfTeX for LuaTeX (HO
)

(c:/texlive/2022/texmf-dist/tex/generic/infwarerr/infwarerr.sty
Package: infwarerr 2019/12/03 v1.5 Providing info/warning/error messages (HO)
)
Package pdftexcmds Info: \pdf@primitive is available.
Package pdftexcmds Info: \pdf@ifprimitive is available.
Package pdftexcmds Info: \pdfdraftmode found.
)
(c:/texlive/2022/texmf-dist/tex/generic/kvsetkeys/kvsetkeys.sty
Package: kvsetkeys 2019/12/15 v1.18 Key value parser (HO)
)
(c:/texlive/2022/texmf-dist/tex/generic/kvdefinekeys/kvdefinekeys.sty
Package: kvdefinekeys 2019-12-19 v1.6 Define keys (HO)
)
(c:/texlive/2022/texmf-dist/tex/generic/pdfescape/pdfescape.sty
Package: pdfescape 2019/12/09 v1.15 Implements pdfTeX's escape features (HO)
)
(c:/texlive/2022/texmf-dist/tex/latex/hycolor/hycolor.sty
Package: hycolor 2020-01-27 v1.10 Color options for hyperref/bookmark (HO)
)
(c:/texlive/2022/texmf-dist/tex/latex/letltxmacro/letltxmacro.sty
Package: letltxmacro 2019/12/03 v1.6 Let assignment for LaTeX macros (HO)
)
(c:/texlive/2022/texmf-dist/tex/latex/auxhook/auxhook.sty
Package: auxhook 2019-12-17 v1.6 Hooks for auxiliary files (HO)
)
(c:/texlive/2022/texmf-dist/tex/latex/kvoptions/kvoptions.sty
Package: kvoptions 2020-10-07 v3.14 Key value format for package options (HO)
)
\@linkdim=\dimen143
\Hy@linkcounter=\count267
\Hy@pagecounter=\count268

(c:/texlive/2022/texmf-dist/tex/latex/hyperref/pd1enc.def
File: pd1enc.def 2022-02-21 v7.00n Hyperref: PDFDocEncoding definition (HO)
Now handling font encoding PD1 ...
... no UTF-8 mapping file for font encoding PD1
)
(c:/texlive/2022/texmf-dist/tex/generic/intcalc/intcalc.sty
Package: intcalc 2019/12/15 v1.3 Expandable calculations with integers (HO)
)
(c:/texlive/2022/texmf-dist/tex/generic/etexcmds/etexcmds.sty
Package: etexcmds 2019/12/15 v1.7 Avoid name clashes with e-TeX commands (HO)
)
\Hy@SavedSpaceFactor=\count269

(c:/texlive/2022/texmf-dist/tex/latex/hyperref/puenc.def
File: puenc.def 2022-02-21 v7.00n Hyperref: PDF Unicode definition (HO)
Now handling font encoding PU ...
... no UTF-8 mapping file for font encoding PU
)
Package hyperref Info: Option `colorlinks' set `true' on input line 4018.
Package hyperref Info: Hyper figures OFF on input line 4137.
Package hyperref Info: Link nesting OFF on input line 4142.
Package hyperref Info: Hyper index ON on input line 4145.
Package hyperref Info: Plain pages OFF on input line 4152.
Package hyperref Info: Backreferencing OFF on input line 4157.
Package hyperref Info: Implicit mode ON; LaTeX internals redefined.
Package hyperref Info: Bookmarks ON on input line 4390.
\c@Hy@tempcnt=\count270

(c:/texlive/2022/texmf-dist/tex/latex/url/url.sty
\Urlmuskip=\muskip16
Package: url 2013/09/16  ver 3.4  Verb mode for urls, etc.
)
LaTeX Info: Redefining \url on input line 4749.
\XeTeXLinkMargin=\dimen144

(c:/texlive/2022/texmf-dist/tex/generic/bitset/bitset.sty
Package: bitset 2019/12/09 v1.3 Handle bit-vector datatype (HO)

(c:/texlive/2022/texmf-dist/tex/generic/bigintcalc/bigintcalc.sty
Package: bigintcalc 2019/12/15 v1.5 Expandable calculations on big integers (HO
)
))
\Fld@menulength=\count271
\Field@Width=\dimen145
\Fld@charsize=\dimen146
Package hyperref Info: Hyper figures OFF on input line 6027.
Package hyperref Info: Link nesting OFF on input line 6032.
Package hyperref Info: Hyper index ON on input line 6035.
Package hyperref Info: backreferencing OFF on input line 6042.
Package hyperref Info: Link coloring ON on input line 6045.
Package hyperref Info: Link coloring with OCG OFF on input line 6052.
Package hyperref Info: PDF/A mode OFF on input line 6057.
LaTeX Info: Redefining \ref on input line 6097.
LaTeX Info: Redefining \pageref on input line 6101.

(c:/texlive/2022/texmf-dist/tex/latex/base/atbegshi-ltx.sty
Package: atbegshi-ltx 2021/01/10 v1.0c Emulation of the original atbegshi
package with kernel methods
)
\Hy@abspage=\count272
\c@Item=\count273
\c@Hfootnote=\count274
)
Package hyperref Info: Driver (autodetected): hpdftex.

(c:/texlive/2022/texmf-dist/tex/latex/hyperref/hpdftex.def
File: hpdftex.def 2022-02-21 v7.00n Hyperref driver for pdfTeX

(c:/texlive/2022/texmf-dist/tex/latex/base/atveryend-ltx.sty
Package: atveryend-ltx 2020/08/19 v1.0a Emulation of the original atveryend pac
kage
with kernel methods
)
\Fld@listcount=\count275
\c@bookmark@seq@number=\count276

(c:/texlive/2022/texmf-dist/tex/latex/rerunfilecheck/rerunfilecheck.sty
Package: rerunfilecheck 2019/12/05 v1.9 Rerun checks for auxiliary files (HO)

(c:/texlive/2022/texmf-dist/tex/generic/uniquecounter/uniquecounter.sty
Package: uniquecounter 2019/12/15 v1.4 Provide unlimited unique counter (HO)
)
Package uniquecounter Info: New unique counter `rerunfilecheck' on input line 2
86.
)
\Hy@SectionHShift=\skip49
)
(c:/texlive/2022/texmf-dist/tex/latex/pythonhighlight/pythonhighlight.sty
Package: pythonhighlight 2017/02/09 python code highlighting; provided by Olivi
er Verdier <olivier.verdier@gmail.com>

(c:/texlive/2022/texmf-dist/tex/latex/xcolor/xcolor.sty
Package: xcolor 2021/10/31 v2.13 LaTeX color extensions (UK)

(c:/texlive/2022/texmf-dist/tex/latex/graphics-cfg/color.cfg
File: color.cfg 2016/01/02 v1.6 sample color configuration
)
Package xcolor Info: Driver file: pdftex.def on input line 227.

(c:/texlive/2022/texmf-dist/tex/latex/graphics-def/pdftex.def
File: pdftex.def 2020/10/05 v1.2a Graphics/color driver for pdftex
)
Package xcolor Info: Model `cmy' substituted by `cmy0' on input line 1352.
Package xcolor Info: Model `hsb' substituted by `rgb' on input line 1356.
Package xcolor Info: Model `RGB' extended on input line 1368.
Package xcolor Info: Model `HTML' substituted by `rgb' on input line 1370.
Package xcolor Info: Model `Hsb' substituted by `hsb' on input line 1371.
Package xcolor Info: Model `tHsb' substituted by `hsb' on input line 1372.
Package xcolor Info: Model `HSB' substituted by `hsb' on input line 1373.
Package xcolor Info: Model `Gray' substituted by `gray' on input line 1374.
Package xcolor Info: Model `wave' substituted by `hsb' on input line 1375.
))
(c:/texlive/2022/texmf-dist/tex/latex/graphics/graphicx.sty
Package: graphicx 2021/09/16 v1.2d Enhanced LaTeX Graphics (DPC,SPQR)

(c:/texlive/2022/texmf-dist/tex/latex/graphics/graphics.sty
Package: graphics 2021/03/04 v1.4d Standard LaTeX Graphics (DPC,SPQR)

(c:/texlive/2022/texmf-dist/tex/latex/graphics/trig.sty
Package: trig 2021/08/11 v1.11 sin cos tan (DPC)
)
(c:/texlive/2022/texmf-dist/tex/latex/graphics-cfg/graphics.cfg
File: graphics.cfg 2016/06/04 v1.11 sample graphics configuration
)
Package graphics Info: Driver file: pdftex.def on input line 107.
)
\Gin@req@height=\dimen147
\Gin@req@width=\dimen148
)
(c:/texlive/2022/texmf-dist/tex/latex/l3backend/l3backend-pdftex.def
File: l3backend-pdftex.def 2022-02-07 L3 backend support: PDF output (pdfTeX)
\l__color_backend_stack_int=\count277
\l__pdf_internal_box=\box52
)
(./Data_Visualization_Notes.aux)
\openout1 = `Data_Visualization_Notes.aux'.

LaTeX Font Info:    Checking defaults for OML/cmm/m/it on input line 8.
LaTeX Font Info:    ... okay on input line 8.
LaTeX Font Info:    Checking defaults for OMS/cmsy/m/n on input line 8.
LaTeX Font Info:    ... okay on input line 8.
LaTeX Font Info:    Checking defaults for OT1/cmr/m/n on input line 8.
LaTeX Font Info:    ... okay on input line 8.
LaTeX Font Info:    Checking defaults for T1/cmr/m/n on input line 8.
LaTeX Font Info:    ... okay on input line 8.
LaTeX Font Info:    Checking defaults for TS1/cmr/m/n on input line 8.
LaTeX Font Info:    ... okay on input line 8.
LaTeX Font Info:    Checking defaults for OMX/cmex/m/n on input line 8.
LaTeX Font Info:    ... okay on input line 8.
LaTeX Font Info:    Checking defaults for U/cmr/m/n on input line 8.
LaTeX Font Info:    ... okay on input line 8.
LaTeX Font Info:    Checking defaults for PD1/pdf/m/n on input line 8.
LaTeX Font Info:    ... okay on input line 8.
LaTeX Font Info:    Checking defaults for PU/pdf/m/n on input line 8.
LaTeX Font Info:    ... okay on input line 8.
\c@lstlisting=\count278
Package hyperref Info: Link coloring ON on input line 8.

(c:/texlive/2022/texmf-dist/tex/latex/hyperref/nameref.sty
Package: nameref 2021-04-02 v2.47 Cross-referencing by name of section

(c:/texlive/2022/texmf-dist/tex/latex/refcount/refcount.sty
Package: refcount 2019/12/15 v3.6 Data extraction from label references (HO)
)
(c:/texlive/2022/texmf-dist/tex/generic/gettitlestring/gettitlestring.sty
Package: gettitlestring 2019/12/15 v1.6 Cleanup title references (HO)
)
\c@section@level=\count279
)
LaTeX Info: Redefining \ref on input line 8.
LaTeX Info: Redefining \pageref on input line 8.
LaTeX Info: Redefining \nameref on input line 8.

(./Data_Visualization_Notes.out) (./Data_Visualization_Notes.out)
\@outlinefile=\write3
\openout3 = `Data_Visualization_Notes.out'.


(c:/texlive/2022/texmf-dist/tex/context/base/mkii/supp-pdf.mkii
[Loading MPS to PDF converter (version 2006.09.02).]
\scratchcounter=\count280
\scratchdimen=\dimen149
\scratchbox=\box53
\nofMPsegments=\count281
\nofMParguments=\count282
\everyMPshowfont=\toks18
\MPscratchCnt=\count283
\MPscratchDim=\dimen150
\MPnumerator=\count284
\makeMPintoPDFobject=\count285
\everyMPtoPDFconversion=\toks19
) (c:/texlive/2022/texmf-dist/tex/latex/epstopdf-pkg/epstopdf-base.sty
Package: epstopdf-base 2020-01-24 v2.11 Base part for package epstopdf
Package epstopdf-base Info: Redefining graphics rule for `.eps' on input line 4
85.

(c:/texlive/2022/texmf-dist/tex/latex/latexconfig/epstopdf-sys.cfg
File: epstopdf-sys.cfg 2010/07/13 v1.3 Configuration of (r)epstopdf for TeX Liv
e
))
LaTeX Font Info:    External font `cmex10' loaded for size
(Font)              <12> on input line 13.
LaTeX Font Info:    External font `cmex10' loaded for size
(Font)              <8> on input line 13.
LaTeX Font Info:    External font `cmex10' loaded for size
(Font)              <6> on input line 13.

Underfull \hbox (badness 10000) in paragraph at lines 15--18

 []


Underfull \hbox (badness 10000) in paragraph at lines 33--35

 []


Underfull \hbox (badness 10000) in paragraph at lines 33--35

 []

[1

{c:/texlive/2022/texmf-var/fonts/map/pdftex/updmap/pdftex.map}]
(./Concept1.tex
Underfull \hbox (badness 10000) in paragraph at lines 18--20

 []


Underfull \hbox (badness 10000) in paragraph at lines 18--20

 []


Underfull \hbox (badness 10000) in paragraph at lines 26--28

 []


Underfull \hbox (badness 10000) in paragraph at lines 26--28

 []


Underfull \hbox (badness 10000) in paragraph at lines 29--31

 []


Underfull \hbox (badness 10000) in paragraph at lines 29--31

 []

[2]
Underfull \hbox (badness 10000) in paragraph at lines 35--40

 []


Underfull \hbox (badness 10000) in paragraph at lines 35--40

 []


Underfull \hbox (badness 10000) in paragraph at lines 51--53

 []


Underfull \hbox (badness 10000) in paragraph at lines 51--53

 []

)
Underfull \hbox (badness 10000) in paragraph at lines 53--55

 []


Underfull \hbox (badness 10000) in paragraph at lines 53--55

 []

[3]
Underfull \hbox (badness 10000) in paragraph at lines 56--58

 []


Underfull \hbox (badness 10000) in paragraph at lines 56--58

 []

(c:/texlive/2022/texmf-dist/tex/latex/listings/lstlang1.sty
File: lstlang1.sty 2020/03/24 1.8d listings language file
)
LaTeX Font Info:    Font shape `OT1/cmtt/bx/n' in size <8> not available
(Font)              Font shape `OT1/cmtt/m/n' tried instead on input line 62.
 (./Concept2.1.tex
Underfull \hbox (badness 10000) in paragraph at lines 2--4

 []


Underfull \hbox (badness 10000) in paragraph at lines 2--4

 []


Overfull \hbox (2.46179pt too wide) in paragraph at lines 9--10
[]\OT1/cmr/m/n/10 df[column].value[]counts().index: Will re-turn an im-mutable 
se-quence sorted
 []

[4] [5]
LaTeX Font Info:    External font `cmex10' loaded for size
(Font)              <7> on input line 35.
LaTeX Font Info:    External font `cmex10' loaded for size
(Font)              <5> on input line 35.

Overfull \hbox (26.13402pt too wide) in paragraph at lines 35--48
 [] 
 []


Overfull \hbox (1.8895pt too wide) in paragraph at lines 50--63
 [] 
 []

<images/figure1.png, id=87, 390.45876pt x 263.98625pt>
File: images/figure1.png Graphic file (type png)
<use images/figure1.png>
Package pdftex.def Info: images/figure1.png  used on input line 81.
(pdftex.def)             Requested size: 390.4578pt x 263.9856pt.

Overfull \hbox (45.4578pt too wide) in paragraph at lines 81--82
[][] 
 []

<images/figure2.png, id=89, 390.45876pt x 263.98625pt>
File: images/figure2.png Graphic file (type png)
<use images/figure2.png>
Package pdftex.def Info: images/figure2.png  used on input line 86.
(pdftex.def)             Requested size: 390.4578pt x 263.9856pt.

Overfull \hbox (45.4578pt too wide) in paragraph at lines 86--87
[][] 
 []

<images/figure3.png, id=90, 390.45876pt x 263.98625pt>
File: images/figure3.png Graphic file (type png)
<use images/figure3.png>
Package pdftex.def Info: images/figure3.png  used on input line 101.
(pdftex.def)             Requested size: 390.4578pt x 263.9856pt.

Overfull \hbox (45.4578pt too wide) in paragraph at lines 101--102
[][] 
 []

[6] [7 <./Images/figure1.png>] [8 <./Images/figure2.png>] [9 <./Images/figure3.
png>]
<images/figure4.png, id=130, 390.45876pt x 293.095pt>
File: images/figure4.png Graphic file (type png)
<use images/figure4.png>
Package pdftex.def Info: images/figure4.png  used on input line 119.
(pdftex.def)             Requested size: 390.4578pt x 293.09427pt.

Overfull \hbox (45.4578pt too wide) in paragraph at lines 119--120
[][] 
 []

<images/figure5.png, id=131, 410.53375pt x 262.9825pt>
File: images/figure5.png Graphic file (type png)
<use images/figure5.png>
Package pdftex.def Info: images/figure5.png  used on input line 124.
(pdftex.def)             Requested size: 410.53275pt x 262.98184pt.

Overfull \hbox (65.53275pt too wide) in paragraph at lines 124--125
[][] 
 []

[10 <./Images/figure4.png>] [11 <./Images/figure5.png>]
<images/figure6.png, id=156, 409.53pt x 262.9825pt>
File: images/figure6.png Graphic file (type png)
<use images/figure6.png>
Package pdftex.def Info: images/figure6.png  used on input line 175.
(pdftex.def)             Requested size: 409.52899pt x 262.98184pt.

Overfull \hbox (64.52899pt too wide) in paragraph at lines 175--176
[][] 
 []

<images/figure7.png, id=157, 425.59pt x 262.9825pt>
File: images/figure7.png Graphic file (type png)
<use images/figure7.png>
Package pdftex.def Info: images/figure7.png  used on input line 180.
(pdftex.def)             Requested size: 425.58894pt x 262.98184pt.

Overfull \hbox (80.58894pt too wide) in paragraph at lines 180--181
[][] 
 []

[12] [13 <./Images/figure6.png>] [14 <./Images/figure7.png>]
<images/figure8.png, id=215, 376.40625pt x 248.93pt>
File: images/figure8.png Graphic file (type png)
<use images/figure8.png>
Package pdftex.def Info: images/figure8.png  used on input line 205.
(pdftex.def)             Requested size: 376.40532pt x 248.92938pt.

Overfull \hbox (31.40532pt too wide) in paragraph at lines 205--206
[][] 
 []

<images/figure9.png, id=216, 369.38pt x 248.93pt>
File: images/figure9.png Graphic file (type png)
<use images/figure9.png>
Package pdftex.def Info: images/figure9.png  used on input line 210.
(pdftex.def)             Requested size: 369.37909pt x 248.92938pt.

Overfull \hbox (24.37909pt too wide) in paragraph at lines 210--211
[][] 
 []

<images/figure10.png, id=217, 399.4925pt x 263.98625pt>
File: images/figure10.png Graphic file (type png)
<use images/figure10.png>
Package pdftex.def Info: images/figure10.png  used on input line 215.
(pdftex.def)             Requested size: 399.49152pt x 263.9856pt.

Overfull \hbox (54.49152pt too wide) in paragraph at lines 215--216
[][] 
 []


Underfull \hbox (badness 10000) in paragraph at lines 219--221

 []


Underfull \hbox (badness 10000) in paragraph at lines 219--221

 []

[15 <./Images/figure8.png>]
<images/figure11.png, id=240, 379.4175pt x 248.93pt>
File: images/figure11.png Graphic file (type png)
<use images/figure11.png>
Package pdftex.def Info: images/figure11.png  used on input line 246.
(pdftex.def)             Requested size: 379.41656pt x 248.92938pt.

Overfull \hbox (34.41656pt too wide) in paragraph at lines 246--247
[][] 
 []


Underfull \hbox (badness 10000) in paragraph at lines 250--253

 []

[16 <./Images/figure9.png>] [17 <./Images/figure10.png>] [18 <./Images/figure11
.png>] [19]
<images/figure12.png, id=348, 369.38pt x 248.93pt>
File: images/figure12.png Graphic file (type png)
<use images/figure12.png>
Package pdftex.def Info: images/figure12.png  used on input line 326.
(pdftex.def)             Requested size: 369.37909pt x 248.92938pt.

Overfull \hbox (24.37909pt too wide) in paragraph at lines 326--327
[][] 
 []

<images/figure13.png, id=349, 376.40625pt x 252.945pt>
File: images/figure13.png Graphic file (type png)
<use images/figure13.png>
Package pdftex.def Info: images/figure13.png  used on input line 331.
(pdftex.def)             Requested size: 376.40532pt x 252.94438pt.

Overfull \hbox (31.40532pt too wide) in paragraph at lines 331--332
[][] 
 []

<images/figure14.png, id=350, 369.38pt x 248.93pt>
File: images/figure14.png Graphic file (type png)
<use images/figure14.png>
Package pdftex.def Info: images/figure14.png  used on input line 336.
(pdftex.def)             Requested size: 369.37909pt x 248.92938pt.

Overfull \hbox (24.37909pt too wide) in paragraph at lines 336--337
[][] 
 []

) [20 <./Images/figure12.png>] [21 <./Images/figure13.png>] [22 <./Images/figur
e14.png>] (./Concept2.2.tex
Underfull \hbox (badness 10000) in paragraph at lines 2--5

 []

[23]
Overfull \hbox (41.93127pt too wide) in paragraph at lines 57--70
[][] 
 []

[24] [25]
<images/figure15.png, id=394, 383.4325pt x 266.9975pt>
File: images/figure15.png Graphic file (type png)
<use images/figure15.png>
Package pdftex.def Info: images/figure15.png  used on input line 116.
(pdftex.def)             Requested size: 383.43156pt x 266.99683pt.

Overfull \hbox (38.43156pt too wide) in paragraph at lines 116--117
[][] 
 []

<images/figure16.png, id=395, 383.4325pt x 266.9975pt>
File: images/figure16.png Graphic file (type png)
<use images/figure16.png>
Package pdftex.def Info: images/figure16.png  used on input line 121.
(pdftex.def)             Requested size: 383.43156pt x 266.99683pt.

Overfull \hbox (38.43156pt too wide) in paragraph at lines 121--122
[][] 
 []

[26 <./Images/figure15.png>] [27 <./Images/figure16.png>]
Underfull \hbox (badness 10000) in paragraph at lines 145--147

 []


Underfull \hbox (badness 10000) in paragraph at lines 145--147

 []

<images/figure17.png, id=422, 383.4325pt x 266.9975pt>
File: images/figure17.png Graphic file (type png)
<use images/figure17.png>
Package pdftex.def Info: images/figure17.png  used on input line 165.
(pdftex.def)             Requested size: 383.43156pt x 266.99683pt.

Overfull \hbox (38.43156pt too wide) in paragraph at lines 165--166
[][] 
 []

[28] [29 <./Images/figure17.png>]
<images/figure18.png, id=449, 370.38374pt x 266.9975pt>
File: images/figure18.png Graphic file (type png)
<use images/figure18.png>
Package pdftex.def Info: images/figure18.png  used on input line 198.
(pdftex.def)             Requested size: 370.38283pt x 266.99683pt.

Overfull \hbox (25.38283pt too wide) in paragraph at lines 198--199
[][] 
 []

<images/figure19.png, id=450, 389.455pt x 262.9825pt>
File: images/figure19.png Graphic file (type png)
<use images/figure19.png>
Package pdftex.def Info: images/figure19.png  used on input line 211.
(pdftex.def)             Requested size: 389.45404pt x 262.98184pt.

Overfull \hbox (44.45404pt too wide) in paragraph at lines 211--212
[][] 
 []

[30] [31 <./Images/figure18.png>] [32 <./Images/figure19.png>]
<images/figure20.png, id=486, 394.47375pt x 286.06876pt>
File: images/figure20.png Graphic file (type png)
<use images/figure20.png>
Package pdftex.def Info: images/figure20.png  used on input line 237.
(pdftex.def)             Requested size: 394.47278pt x 286.06805pt.

Overfull \hbox (49.47278pt too wide) in paragraph at lines 237--238
[][] 
 []

<images/figure21.png, id=487, 394.47375pt x 290.08376pt>
File: images/figure21.png Graphic file (type png)
<use images/figure21.png>
Package pdftex.def Info: images/figure21.png  used on input line 242.
(pdftex.def)             Requested size: 394.47278pt x 290.08304pt.

Overfull \hbox (49.47278pt too wide) in paragraph at lines 242--243
[][] 
 []

[33 <./Images/figure20.png>] [34 <./Images/figure21.png>]
Underfull \hbox (badness 10000) in paragraph at lines 247--249

 []


Underfull \hbox (badness 10000) in paragraph at lines 247--249

 []


Underfull \hbox (badness 10000) in paragraph at lines 250--252

 []


Underfull \hbox (badness 10000) in paragraph at lines 250--252

 []


Underfull \hbox (badness 10000) in paragraph at lines 253--255

 []


Underfull \hbox (badness 10000) in paragraph at lines 253--255

 []

<images/figure22.png, id=504, 407.5225pt x 286.06876pt>
File: images/figure22.png Graphic file (type png)
<use images/figure22.png>
Package pdftex.def Info: images/figure22.png  used on input line 267.
(pdftex.def)             Requested size: 407.5215pt x 286.06805pt.

Overfull \hbox (62.5215pt too wide) in paragraph at lines 267--268
[][] 
 []

<images/figure23.png, id=505, 460.72125pt x 262.9825pt>
File: images/figure23.png Graphic file (type png)
<use images/figure23.png>
Package pdftex.def Info: images/figure23.png  used on input line 280.
(pdftex.def)             Requested size: 460.72012pt x 262.98184pt.

Overfull \hbox (115.72012pt too wide) in paragraph at lines 280--281
[][] 
 []

) [35] [36 <./Images/figure22.png>] [37 <./Images/figure23.png>]
(./Concept2.3.tex) (./Concept3.tex) (./Concept4.tex) [38]
(./Data_Visualization_Notes.aux)
Package rerunfilecheck Info: File `Data_Visualization_Notes.out' has not change
d.
(rerunfilecheck)             Checksum: 33267C8970EB1ACD31FE4E4B455A7A95;1447.
 ) 
Here is how much of TeX's memory you used:
 11326 strings out of 478268
 170618 string characters out of 5850345
 1076058 words of memory out of 5000000
 29068 multiletter control sequences out of 15000+600000
 474354 words of font info for 46 fonts, out of 8000000 for 9000
 1141 hyphenation exceptions out of 8191
 60i,7n,63p,691b,2021s stack positions out of 10000i,1000n,20000p,200000b,200000s
{c:/texlive/2022/texmf-dist/fonts/enc/dvips/cm-super/cm-super-ts1.enc}<c:/tex
live/2022/texmf-dist/fonts/type1/public/amsfonts/cm/cmbx10.pfb><c:/texlive/2022
/texmf-dist/fonts/type1/public/amsfonts/cm/cmbx12.pfb><c:/texlive/2022/texmf-di
st/fonts/type1/public/amsfonts/cm/cmr10.pfb><c:/texlive/2022/texmf-dist/fonts/t
ype1/public/amsfonts/cm/cmr12.pfb><c:/texlive/2022/texmf-dist/fonts/type1/publi
c/amsfonts/cm/cmr17.pfb><c:/texlive/2022/texmf-dist/fonts/type1/public/amsfonts
/cm/cmsltt10.pfb><c:/texlive/2022/texmf-dist/fonts/type1/public/amsfonts/cm/cmt
t8.pfb><c:/texlive/2022/texmf-dist/fonts/type1/public/cm-super/sfrm1000.pfb>
Output written on Data_Visualization_Notes.pdf (38 pages, 425472 bytes).
PDF statistics:
 645 PDF objects out of 1000 (max. 8388607)
 537 compressed objects within 6 object streams
 324 named destinations out of 1000 (max. 500000)
 180 words of extra memory for PDF output out of 10000 (max. 10000000)

