\BOOKMARK [1][-]{section.1}{\376\377\000A\000c\000k\000n\000o\000w\000l\000e\000d\000g\000m\000e\000n\000t\000s}{}% 1
\BOOKMARK [1][-]{section.2}{\376\377\000L\000e\000a\000r\000n\000i\000n\000g\000\040\000O\000b\000j\000e\000c\000t\000i\000v\000e\000s}{}% 2
\BOOKMARK [1][-]{section.3}{\376\377\000M\000a\000t\000r\000i\000x\000\040\000\046\000\040\000V\000e\000c\000t\000o\000r\000\040\000B\000a\000s\000i\000c\000s}{}% 3
\BOOKMARK [2][-]{subsection.3.1}{\376\377\000O\000p\000e\000r\000a\000t\000i\000o\000n\000s\000\040\000o\000n\000\040\000a\000\040\000S\000i\000n\000g\000l\000e\000\040\000M\000a\000t\000r\000i\000x}{section.3}% 4
\BOOKMARK [2][-]{subsection.3.2}{\376\377\000M\000a\000t\000r\000i\000x\000\040\000A\000d\000d\000i\000t\000i\000o\000n\000\040\000\046\000\040\000S\000u\000b\000t\000r\000a\000c\000t\000i\000o\000n}{section.3}% 5
\BOOKMARK [2][-]{subsection.3.3}{\376\377\000M\000a\000t\000r\000i\000x\000\040\000M\000u\000l\000t\000i\000p\000l\000i\000c\000a\000t\000i\000o\000n\000\040\000\050\000D\000o\000t\000\040\000P\000r\000o\000d\000u\000c\000t\000\051}{section.3}% 6
\BOOKMARK [2][-]{subsection.3.4}{\376\377\000V\000e\000c\000t\000o\000r\000\040\000B\000a\000s\000i\000c\000s}{section.3}% 7
\BOOKMARK [2][-]{subsection.3.5}{\376\377\000S\000t\000a\000n\000d\000a\000r\000d\000\040\000B\000a\000s\000i\000s\000\040\000V\000e\000c\000t\000o\000r\000\040\000\050\000S\000B\000V\000\051}{section.3}% 8
\BOOKMARK [2][-]{subsection.3.6}{\376\377\000S\000p\000a\000n}{section.3}% 9
\BOOKMARK [2][-]{subsection.3.7}{\376\377\000L\000i\000n\000e\000a\000r\000\040\000D\000e\000p\000e\000n\000d\000e\000n\000c\000e\000\040\000\046\000\040\000I\000n\000d\000e\000p\000e\000n\000d\000e\000n\000c\000e}{section.3}% 10
\BOOKMARK [2][-]{subsection.3.8}{\376\377\000L\000i\000n\000e\000a\000r\000\040\000S\000u\000b\000s\000p\000a\000c\000e\000s}{section.3}% 11
\BOOKMARK [2][-]{subsection.3.9}{\376\377\000S\000p\000a\000n\000s\000\040\000a\000s\000\040\000S\000u\000b\000s\000p\000a\000c\000e\000s}{section.3}% 12
\BOOKMARK [2][-]{subsection.3.10}{\376\377\000B\000a\000s\000i\000s}{section.3}% 13
\BOOKMARK [1][-]{section.4}{\376\377\000D\000o\000t\000\040\000P\000r\000o\000d\000u\000c\000t\000s\000\040\000\046\000\040\000C\000r\000o\000s\000s\000\040\000P\000r\000o\000d\000u\000c\000t\000s}{}% 14
\BOOKMARK [2][-]{subsection.4.1}{\376\377\000D\000o\000t\000\040\000P\000r\000o\000d\000u\000c\000t\000\040\000v\000s\000.\000\040\000C\000r\000o\000s\000s\000\040\000P\000r\000o\000d\000u\000c\000t\000s}{section.4}% 15
\BOOKMARK [2][-]{subsection.4.2}{\376\377\000D\000o\000t\000\040\000P\000r\000o\000d\000u\000c\000t\000s\000\040\000B\000e\000t\000w\000e\000e\000n\000\040\000V\000e\000c\000t\000o\000r\000s}{section.4}% 16
\BOOKMARK [2][-]{subsection.4.3}{\376\377\000C\000a\000u\000c\000h\000y\000-\000S\000c\000h\000w\000a\000r\000z\000\040\000I\000n\000e\000q\000u\000a\000l\000i\000t\000y}{section.4}% 17
\BOOKMARK [2][-]{subsection.4.4}{\376\377\000V\000e\000c\000t\000o\000r\000\040\000T\000r\000i\000a\000n\000g\000l\000e\000\040\000I\000n\000e\000q\000u\000a\000l\000i\000t\000y}{section.4}% 18
\BOOKMARK [2][-]{subsection.4.5}{\376\377\000A\000n\000g\000l\000e\000\040\000B\000e\000t\000w\000e\000e\000n\000\040\000V\000e\000c\000t\000o\000r\000s}{section.4}% 19
\BOOKMARK [2][-]{subsection.4.6}{\376\377\000C\000r\000o\000s\000s\000\040\000P\000r\000o\000d\000u\000c\000t}{section.4}% 20
\BOOKMARK [2][-]{subsection.4.7}{\376\377\000F\000u\000n\000d\000a\000m\000e\000n\000t\000a\000l\000\040\000S\000u\000b\000s\000p\000a\000c\000e\000s}{section.4}% 21
\BOOKMARK [2][-]{subsection.4.8}{\376\377\000F\000u\000n\000c\000t\000i\000o\000n\000s\000\040\000a\000n\000d\000\040\000T\000r\000a\000n\000s\000f\000o\000r\000m\000a\000t\000i\000o\000n\000s}{section.4}% 22
\BOOKMARK [1][-]{section.5}{\376\377\000M\000a\000t\000r\000i\000x\000-\000V\000e\000c\000t\000o\000r\000\040\000P\000r\000o\000d\000u\000c\000t\000s}{}% 23
